<?xml version="1.0" encoding="UTF-8"?>
<!-- Generated by org.testng.reporters.JUnitReportReporter -->
<testsuite hostname="LAPTOP-BSJKEKIV" failures="0" tests="1" name="com.TestData.LogPageTest" time="0.007" errors="0" timestamp="2022-04-25T15:54:09 IST" skipped="0">
  <testcase classname="com.TestData.LogPageTest" name="validateLogFuncatinality" time="0.007"/>
  <system-out/>
</testsuite> <!-- com.TestData.LogPageTest -->
